{"numFailedTestSuites":0,"numFailedTests":0,"numPassedTestSuites":1,"numPassedTests":1,"numPendingTestSuites":0,"numPendingTests":0,"numRuntimeErrorTestSuites":0,"numTodoTests":0,"numTotalTestSuites":1,"numTotalTests":1,"openHandles":[],"snapshot":{"added":0,"didUpdate":false,"failure":false,"filesAdded":0,"filesRemoved":0,"filesRemovedList":[],"filesUnmatched":0,"filesUpdated":0,"matched":0,"total":0,"unchecked":0,"uncheckedKeysByFile":[],"unmatched":0,"updated":0},"startTime":1604080831681,"success":true,"testResults":[{"assertionResults":[{"ancestorTitles":["dummy"],"failureMessages":[],"fullName":"dummy 0 to be 0","location":null,"status":"passed","title":"0 to be 0"}],"endTime":1604080835148,"message":"","name":"/home/robert/Desktop/Best-Team/TestAutomation/project/MarsMapMaker/src/__tests__/testRunner.js","startTime":1604080832536,"status":"passed","summary":""}],"wasInterrupted":false}